#
# A fatal error has been detected by the Java Runtime Environment:
#
#  EXCEPTION_ACCESS_VIOLATION (0xc0000005) at pc=0x000000005710fc80, pid=4496, tid=0x0000000000001b0c
#
# JRE version: Java(TM) SE Runtime Environment (8.0_144-b01) (build 1.8.0_144-b01)
# Java VM: Java HotSpot(TM) 64-Bit Server VM (25.144-b01 mixed mode windows-amd64 compressed oops)
# Problematic frame:
# V  [jvm.dll+0xafc80]
#
# Failed to write core dump. Minidumps are not enabled by default on client versions of Windows
#
# If you would like to submit a bug report, please visit:
#   http://bugreport.java.com/bugreport/crash.jsp
#

---------------  T H R E A D  ---------------

Current thread (0x00000000021af800):  GCTaskThread [stack: 0x0000000012430000,0x0000000012530000] [id=6924]

siginfo: ExceptionCode=0xc0000005, reading address 0x000000000180c458

Registers:
RAX=0x0000000000000000, RBX=0x00000000e1a7b060, RCX=0x00000000e1a7b060, RDX=0x000000000180c450
RSP=0x000000001252f768, RBP=0x0000000000000000, RSI=0x0000000056e5ae80, RDI=0x00000000591da1f0
R8 =0x0000000056e5ae80, R9 =0x00000000074d2fab, R10=0x0000000000000003, R11=0x000000001252f7d0
R12=0x00000000576b5f48, R13=0xfffffa8006b0b3e0, R14=0x00000000021b0100, R15=0x00000000021b01f0
RIP=0x000000005710fc80, EFLAGS=0x0000000000010206

Top of Stack: (sp=0x000000001252f768)
0x000000001252f768:   0000000057460db2 0000115100000a51
0x000000001252f778:   00000000e6dce5ed 00000b68000019a5
0x000000001252f788:   0000115100000a51 00000000591da160
0x000000001252f798:   0000115000000a51 00000b68000019a6
0x000000001252f7a8:   000000005727d992 00000000021b01e0
0x000000001252f7b8:   00000000021ad190 00000000576b5f48
0x000000001252f7c8:   0000000057461120 00000000e6dcf0a0
0x000000001252f7d8:   0000000000000000 0000000000000000
0x000000001252f7e8:   00000000591da1f0 0000000056e5ae80
0x000000001252f7f8:   0000000057464451 00000b68000019a6
0x000000001252f808:   0000000056e5ae80 0000000000000000
0x000000001252f818:   00000000e6f592f5 00000000591da1f0
0x000000001252f828:   0000000000000000 0000000000000000
0x000000001252f838:   0000000057452fde 00000000074d2fab
0x000000001252f848:   00000000021af800 0000000000000000
0x000000001252f858:   00000000e6dcf0a1 00000000021af800 

Instructions: (pc=0x000000005710fc80)
0x000000005710fc60:   6c bb 1d 00 48 8b 9c 24 d0 00 00 00 48 81 c4 c0
0x000000005710fc70:   00 00 00 5d c3 cc cc cc cc cc cc cc cc cc cc cc
0x000000005710fc80:   44 8b 42 08 4c 8b ca 45 85 c0 7e 0e 41 f6 c0 01
0x000000005710fc90:   75 57 41 c1 f8 03 41 8b c0 c3 79 4d 80 3d 3e e8 


Register to memory mapping:

RAX=0x0000000000000000 is an unknown value
RBX=0x00000000e1a7b060 is an oop

[error occurred during error reporting (printing register info), id 0xc0000005]

Stack: [0x0000000012430000,0x0000000012530000],  sp=0x000000001252f768,  free space=1021k
Native frames: (J=compiled Java code, j=interpreted, Vv=VM code, C=native code)


---------------  P R O C E S S  ---------------

Java Threads: ( => current thread )
  0x000000005b5f2800 JavaThread "WebSocket background processing" daemon [_thread_blocked, id=1760, stack(0x000000005eec0000,0x000000005efc0000)]
  0x000000005b5ee000 JavaThread "DestroyJavaVM" [_thread_blocked, id=5496, stack(0x0000000002480000,0x0000000002580000)]
  0x000000005b5ed800 JavaThread "http-nio-8080-AsyncTimeout" daemon [_thread_blocked, id=1088, stack(0x00000000624d0000,0x00000000625d0000)]
  0x000000005cceb800 JavaThread "http-nio-8080-Acceptor-0" daemon [_thread_blocked, id=7572, stack(0x0000000062610000,0x0000000062710000)]
  0x000000005cceb000 JavaThread "http-nio-8080-ClientPoller-1" daemon [_thread_blocked, id=7372, stack(0x00000000621c0000,0x00000000622c0000)]
  0x000000005ccea000 JavaThread "http-nio-8080-ClientPoller-0" daemon [_thread_blocked, id=1784, stack(0x0000000062340000,0x0000000062440000)]
  0x000000005cce9800 JavaThread "http-nio-8080-exec-10" daemon [_thread_blocked, id=2252, stack(0x0000000061f80000,0x0000000062080000)]
  0x000000005cce8800 JavaThread "http-nio-8080-exec-9" daemon [_thread_blocked, id=9132, stack(0x00000000620c0000,0x00000000621c0000)]
  0x000000005cce8000 JavaThread "http-nio-8080-exec-8" daemon [_thread_blocked, id=5952, stack(0x0000000061e60000,0x0000000061f60000)]
  0x000000005cce7000 JavaThread "http-nio-8080-exec-7" daemon [_thread_blocked, id=7212, stack(0x000000005ed70000,0x000000005ee70000)]
  0x000000005cce6800 JavaThread "http-nio-8080-exec-6" daemon [_thread_blocked, id=5816, stack(0x0000000061d20000,0x0000000061e20000)]
  0x000000005cce5800 JavaThread "http-nio-8080-exec-5" daemon [_thread_blocked, id=7576, stack(0x0000000061b40000,0x0000000061c40000)]
  0x000000005cce5000 JavaThread "http-nio-8080-exec-4" daemon [_thread_blocked, id=6100, stack(0x00000000619d0000,0x0000000061ad0000)]
  0x000000005b357000 JavaThread "http-nio-8080-exec-3" daemon [_thread_blocked, id=5944, stack(0x0000000061860000,0x0000000061960000)]
  0x000000005b356800 JavaThread "http-nio-8080-exec-2" daemon [_thread_blocked, id=5376, stack(0x0000000061650000,0x0000000061750000)]
  0x000000005b355800 JavaThread "http-nio-8080-exec-1" daemon [_thread_blocked, id=3688, stack(0x0000000061500000,0x0000000061600000)]
  0x000000005b355000 JavaThread "NioBlockingSelector.BlockPoller-1" daemon [_thread_in_native, id=8296, stack(0x0000000061350000,0x0000000061450000)]
  0x000000005b62b800 JavaThread "Tomcat JDBC Pool Cleaner[1943105171:1510039456319]" daemon [_thread_blocked, id=7112, stack(0x000000005f260000,0x000000005f360000)]
  0x000000005b3a9000 JavaThread "container-0" [_thread_blocked, id=5808, stack(0x000000005ec30000,0x000000005ed30000)]
  0x000000005af8b000 JavaThread "ContainerBackgroundProcessor[StandardEngine[Tomcat]]" daemon [_thread_blocked, id=7816, stack(0x000000005b950000,0x000000005ba50000)]
  0x0000000059255800 JavaThread "Service Thread" daemon [_thread_blocked, id=8616, stack(0x000000005a040000,0x000000005a140000)]
  0x00000000591d9000 JavaThread "C1 CompilerThread2" daemon [_thread_blocked, id=7596, stack(0x0000000059e70000,0x0000000059f70000)]
  0x0000000056ec7000 JavaThread "C2 CompilerThread1" daemon [_thread_blocked, id=3188, stack(0x0000000059cc0000,0x0000000059dc0000)]
  0x00000000591c7800 JavaThread "C2 CompilerThread0" daemon [_thread_blocked, id=6196, stack(0x0000000059a50000,0x0000000059b50000)]
  0x00000000591c5000 JavaThread "Attach Listener" daemon [_thread_blocked, id=7204, stack(0x00000000598c0000,0x00000000599c0000)]
  0x00000000591c2800 JavaThread "Signal Dispatcher" daemon [_thread_blocked, id=1516, stack(0x0000000059730000,0x0000000059830000)]
  0x0000000056ead000 JavaThread "Finalizer" daemon [_thread_blocked, id=5384, stack(0x0000000058dc0000,0x0000000058ec0000)]
  0x0000000056e65800 JavaThread "Reference Handler" daemon [_thread_blocked, id=6232, stack(0x00000000590c0000,0x00000000591c0000)]

Other Threads:
  0x0000000056e5e000 VMThread [stack: 0x0000000058f00000,0x0000000059000000] [id=6352]
  0x0000000059276800 WatcherThread [stack: 0x0000000059630000,0x0000000059730000] [id=8720]

=>0x00000000021af800 (exited) GCTaskThread [stack: 0x0000000012430000,0x0000000012530000] [id=6924]

VM state:at safepoint (normal execution)

VM Mutex/Monitor currently owned by a thread:  ([mutex/lock_event])
[0x0000000002198900] Threads_lock - owner thread: 0x0000000056e5e000
[0x0000000002198e00] Heap_lock - owner thread: 0x000000005b356800

Heap:
 PSYoungGen      total 204800K, used 204788K [0x00000000d5b80000, 0x00000000e7680000, 0x0000000100000000)
  eden space 190464K, 100% used [0x00000000d5b80000,0x00000000e1580000,0x00000000e1580000)
  from space 14336K, 99% used [0x00000000e1580000,0x00000000e237d230,0x00000000e2380000)
  to   space 16896K, 56% used [0x00000000e6600000,0x00000000e6f5e160,0x00000000e7680000)
 ParOldGen       total 82944K, used 22977K [0x0000000081200000, 0x0000000086300000, 0x00000000d5b80000)
  object space 82944K, 27% used [0x0000000081200000,0x00000000828706e0,0x0000000086300000)
 Metaspace       used 53575K, capacity 54134K, committed 54440K, reserved 1097728K
  class space    used 6596K, capacity 6726K, committed 6824K, reserved 1048576K

Card table byte_map: [0x0000000011c10000,0x0000000012010000] byte_map_base: 0x0000000011807000

Marking Bits: (ParMarkBitMap*) 0x000000005787d850
 Begin Bits: [0x0000000012960000, 0x0000000014918000)
 End Bits:   [0x0000000014918000, 0x00000000168d0000)

Polling page: 0x00000000001d0000

CodeCache: size=245760Kb used=23462Kb max_used=23470Kb free=222297Kb
 bounds [0x0000000002850000, 0x0000000003f70000, 0x0000000011850000]
 total_blobs=7442 nmethods=6909 adapters=443
 compilation: enabled

Compilation events (10 events):
Event: 29233.475 Thread 0x0000000056ec7000 nmethod 7994 0x0000000003344850 code [0x0000000003344980, 0x00000000033449f8]
Event: 29233.475 Thread 0x00000000591d9000 nmethod 7995 0x0000000003f57c10 code [0x0000000003f57de0, 0x0000000003f58558]
Event: 29233.502 Thread 0x0000000056ec7000 7996       4       org.h2.command.Parser::readAnd (34 bytes)
Event: 29233.502 Thread 0x00000000591c7800 7997       4       org.h2.command.Parser::readCondition (1228 bytes)
Event: 29233.504 Thread 0x00000000591d9000 7998       3       org.hibernate.loader.DefaultEntityAliases::getSuffixedPropertyAliases (83 bytes)
Event: 29233.505 Thread 0x00000000591d9000 nmethod 7998 0x0000000003f5e890 code [0x0000000003f5eb00, 0x0000000003f5fb18]
Event: 29233.505 Thread 0x0000000056ec7000 nmethod 7996 0x0000000003f57690 code [0x0000000003f57800, 0x0000000003f579f8]
Event: 29233.508 Thread 0x0000000056ec7000 7999       4       org.h2.value.DataType::getDataType (67 bytes)
Event: 29233.515 Thread 0x0000000056ec7000 nmethod 7999 0x0000000003f59110 code [0x0000000003f59280, 0x0000000003f59568]
Event: 29233.524 Thread 0x00000000591c7800 nmethod 7997 0x0000000003f60350 code [0x0000000003f606c0, 0x0000000003f617c8]

GC Heap History (10 events):
Event: 3.240 GC heap after
Heap after GC invocations=7 (full 1):
 PSYoungGen      total 122368K, used 7500K [0x00000000d5b80000, 0x00000000dee00000, 0x0000000100000000)
  eden space 114688K, 0% used [0x00000000d5b80000,0x00000000d5b80000,0x00000000dcb80000)
  from space 7680K, 97% used [0x00000000de680000,0x00000000dedd3300,0x00000000dee00000)
  to   space 9216K, 0% used [0x00000000ddc00000,0x00000000ddc00000,0x00000000de500000)
 ParOldGen       total 52224K, used 6556K [0x0000000081200000, 0x0000000084500000, 0x00000000d5b80000)
  object space 52224K, 12% used [0x0000000081200000,0x0000000081867358,0x0000000084500000)
 Metaspace       used 25702K, capacity 26000K, committed 26112K, reserved 1073152K
  class space    used 3203K, capacity 3289K, committed 3328K, reserved 1048576K
}
Event: 4.307 GC heap before
{Heap before GC invocations=8 (full 1):
 PSYoungGen      total 122368K, used 122188K [0x00000000d5b80000, 0x00000000dee00000, 0x0000000100000000)
  eden space 114688K, 100% used [0x00000000d5b80000,0x00000000dcb80000,0x00000000dcb80000)
  from space 7680K, 97% used [0x00000000de680000,0x00000000dedd3300,0x00000000dee00000)
  to   space 9216K, 0% used [0x00000000ddc00000,0x00000000ddc00000,0x00000000de500000)
 ParOldGen       total 52224K, used 6556K [0x0000000081200000, 0x0000000084500000, 0x00000000d5b80000)
  object space 52224K, 12% used [0x0000000081200000,0x0000000081867358,0x0000000084500000)
 Metaspace       used 30905K, capacity 31222K, committed 31360K, reserved 1077248K
  class space    used 3795K, capacity 3898K, committed 3968K, reserved 1048576K
Event: 4.321 GC heap after
Heap after GC invocations=8 (full 1):
 PSYoungGen      total 140800K, used 9204K [0x00000000d5b80000, 0x00000000e2f80000, 0x0000000100000000)
  eden space 131584K, 0% used [0x00000000d5b80000,0x00000000d5b80000,0x00000000ddc00000)
  from space 9216K, 99% used [0x00000000ddc00000,0x00000000de4fd128,0x00000000de500000)
  to   space 12288K, 0% used [0x00000000e2380000,0x00000000e2380000,0x00000000e2f80000)
 ParOldGen       total 52224K, used 11127K [0x0000000081200000, 0x0000000084500000, 0x00000000d5b80000)
  object space 52224K, 21% used [0x0000000081200000,0x0000000081cddd60,0x0000000084500000)
 Metaspace       used 30905K, capacity 31222K, committed 31360K, reserved 1077248K
  class space    used 3795K, capacity 3898K, committed 3968K, reserved 1048576K
}
Event: 4.735 GC heap before
{Heap before GC invocations=9 (full 1):
 PSYoungGen      total 140800K, used 47033K [0x00000000d5b80000, 0x00000000e2f80000, 0x0000000100000000)
  eden space 131584K, 28% used [0x00000000d5b80000,0x00000000d8071380,0x00000000ddc00000)
  from space 9216K, 99% used [0x00000000ddc00000,0x00000000de4fd128,0x00000000de500000)
  to   space 12288K, 0% used [0x00000000e2380000,0x00000000e2380000,0x00000000e2f80000)
 ParOldGen       total 52224K, used 11127K [0x0000000081200000, 0x0000000084500000, 0x00000000d5b80000)
  object space 52224K, 21% used [0x0000000081200000,0x0000000081cddd60,0x0000000084500000)
 Metaspace       used 34963K, capacity 35252K, committed 35496K, reserved 1081344K
  class space    used 4436K, capacity 4511K, committed 4520K, reserved 1048576K
Event: 4.749 GC heap after
Heap after GC invocations=9 (full 1):
 PSYoungGen      total 202752K, used 12281K [0x00000000d5b80000, 0x00000000e4d00000, 0x0000000100000000)
  eden space 190464K, 0% used [0x00000000d5b80000,0x00000000d5b80000,0x00000000e1580000)
  from space 12288K, 99% used [0x00000000e2380000,0x00000000e2f7e4b0,0x00000000e2f80000)
  to   space 14336K, 0% used [0x00000000e1580000,0x00000000e1580000,0x00000000e2380000)
 ParOldGen       total 52224K, used 12162K [0x0000000081200000, 0x0000000084500000, 0x00000000d5b80000)
  object space 52224K, 23% used [0x0000000081200000,0x0000000081de08c8,0x0000000084500000)
 Metaspace       used 34963K, capacity 35252K, committed 35496K, reserved 1081344K
  class space    used 4436K, capacity 4511K, committed 4520K, reserved 1048576K
}
Event: 4.749 GC heap before
{Heap before GC invocations=10 (full 2):
 PSYoungGen      total 202752K, used 12281K [0x00000000d5b80000, 0x00000000e4d00000, 0x0000000100000000)
  eden space 190464K, 0% used [0x00000000d5b80000,0x00000000d5b80000,0x00000000e1580000)
  from space 12288K, 99% used [0x00000000e2380000,0x00000000e2f7e4b0,0x00000000e2f80000)
  to   space 14336K, 0% used [0x00000000e1580000,0x00000000e1580000,0x00000000e2380000)
 ParOldGen       total 52224K, used 12162K [0x0000000081200000, 0x0000000084500000, 0x00000000d5b80000)
  object space 52224K, 23% used [0x0000000081200000,0x0000000081de08c8,0x0000000084500000)
 Metaspace       used 34963K, capacity 35252K, committed 35496K, reserved 1081344K
  class space    used 4436K, capacity 4511K, committed 4520K, reserved 1048576K
Event: 4.831 GC heap after
Heap after GC invocations=10 (full 2):
 PSYoungGen      total 202752K, used 0K [0x00000000d5b80000, 0x00000000e4d00000, 0x0000000100000000)
  eden space 190464K, 0% used [0x00000000d5b80000,0x00000000d5b80000,0x00000000e1580000)
  from space 12288K, 0% used [0x00000000e2380000,0x00000000e2380000,0x00000000e2f80000)
  to   space 14336K, 0% used [0x00000000e1580000,0x00000000e1580000,0x00000000e2380000)
 ParOldGen       total 82944K, used 20554K [0x0000000081200000, 0x0000000086300000, 0x00000000d5b80000)
  object space 82944K, 24% used [0x0000000081200000,0x0000000082612b50,0x0000000086300000)
 Metaspace       used 34963K, capacity 35252K, committed 35496K, reserved 1081344K
  class space    used 4436K, capacity 4511K, committed 4520K, reserved 1048576K
}
Event: 6.829 GC heap before
{Heap before GC invocations=11 (full 2):
 PSYoungGen      total 202752K, used 190464K [0x00000000d5b80000, 0x00000000e4d00000, 0x0000000100000000)
  eden space 190464K, 100% used [0x00000000d5b80000,0x00000000e1580000,0x00000000e1580000)
  from space 12288K, 0% used [0x00000000e2380000,0x00000000e2380000,0x00000000e2f80000)
  to   space 14336K, 0% used [0x00000000e1580000,0x00000000e1580000,0x00000000e2380000)
 ParOldGen       total 82944K, used 20554K [0x0000000081200000, 0x0000000086300000, 0x00000000d5b80000)
  object space 82944K, 24% used [0x0000000081200000,0x0000000082612b50,0x0000000086300000)
 Metaspace       used 45715K, capacity 46090K, committed 46504K, reserved 1089536K
  class space    used 5935K, capacity 6024K, committed 6056K, reserved 1048576K
Event: 6.852 GC heap after
Heap after GC invocations=11 (full 2):
 PSYoungGen      total 204800K, used 14324K [0x00000000d5b80000, 0x00000000e7680000, 0x0000000100000000)
  eden space 190464K, 0% used [0x00000000d5b80000,0x00000000d5b80000,0x00000000e1580000)
  from space 14336K, 99% used [0x00000000e1580000,0x00000000e237d230,0x00000000e2380000)
  to   space 16896K, 0% used [0x00000000e6600000,0x00000000e6600000,0x00000000e7680000)
 ParOldGen       total 82944K, used 22969K [0x0000000081200000, 0x0000000086300000, 0x00000000d5b80000)
  object space 82944K, 27% used [0x0000000081200000,0x000000008286e6e0,0x0000000086300000)
 Metaspace       used 45715K, capacity 46090K, committed 46504K, reserved 1089536K
  class space    used 5935K, capacity 6024K, committed 6056K, reserved 1048576K
}
Event: 29233.533 GC heap before
{Heap before GC invocations=12 (full 2):
 PSYoungGen      total 204800K, used 204788K [0x00000000d5b80000, 0x00000000e7680000, 0x0000000100000000)
  eden space 190464K, 100% used [0x00000000d5b80000,0x00000000e1580000,0x00000000e1580000)
  from space 14336K, 99% used [0x00000000e1580000,0x00000000e237d230,0x00000000e2380000)
  to   space 16896K, 0% used [0x00000000e6600000,0x00000000e6600000,0x00000000e7680000)
 ParOldGen       total 82944K, used 22969K [0x0000000081200000, 0x0000000086300000, 0x00000000d5b80000)
  object space 82944K, 27% used [0x0000000081200000,0x000000008286e6e0,0x0000000086300000)
 Metaspace       used 53575K, capacity 54134K, committed 54440K, reserved 1097728K
  class space    used 6596K, capacity 6726K, committed 6824K, reserved 1048576K

Deoptimization events (10 events):
Event: 30.615 Thread 0x000000005cce6800 Uncommon trap: reason=unstable_if action=reinterpret pc=0x0000000002ece5cc method=java.util.LinkedHashMap.afterNodeInsertion(Z)V @ 18
Event: 998.724 Thread 0x000000005b355800 Uncommon trap: reason=null_check action=make_not_entrant pc=0x0000000003a74b90 method=org.hibernate.engine.internal.EntityEntryContext.getAssociatedManagedEntity(Ljava/lang/Object;)Lorg/hibernate/engine/spi/ManagedEntity; @ 3
Event: 1050.414 Thread 0x000000005cce7000 Uncommon trap: reason=unstable_if action=reinterpret pc=0x0000000003099b88 method=java.nio.Buffer.position(I)Ljava/nio/Buffer; @ 33
Event: 15110.063 Thread 0x000000005cce6800 Uncommon trap: reason=unstable_if action=reinterpret pc=0x00000000029c3ecc method=java.util.concurrent.locks.ReentrantReadWriteLock$Sync.tryAcquireShared(I)I @ 60
Event: 15110.063 Thread 0x000000005cce6800 Uncommon trap: reason=unstable_if action=reinterpret pc=0x00000000029c3b28 method=java.util.concurrent.locks.ReentrantReadWriteLock$Sync.tryReleaseShared(I)Z @ 9
Event: 15110.068 Thread 0x000000005b355000 Uncommon trap: reason=unstable_if action=reinterpret pc=0x0000000002b09e1c method=java.util.concurrent.locks.AbstractQueuedSynchronizer.doReleaseShared()V @ 6
Event: 28889.388 Thread 0x000000005cce8800 Uncommon trap: reason=unstable_if action=reinterpret pc=0x0000000003c65b00 method=org.springframework.util.AntPathMatcher.doMatch(Ljava/lang/String;Ljava/lang/String;ZLjava/util/Map;)Z @ 326
Event: 28889.453 Thread 0x000000005cce8800 Uncommon trap: reason=unstable_if action=reinterpret pc=0x00000000036f46bc method=sun.nio.cs.ThreadLocalCoders$1.hasName(Ljava/lang/Object;Ljava/lang/Object;)Z @ 4
Event: 28889.453 Thread 0x000000005cce8800 Uncommon trap: reason=unstable_if action=reinterpret pc=0x0000000002f5e204 method=java.util.StringTokenizer.nextToken()Ljava/lang/String; @ 5
Event: 28985.055 Thread 0x000000005b355800 Uncommon trap: reason=unstable_if action=reinterpret pc=0x0000000003d05ea4 method=com.fasterxml.jackson.core.json.WriterBasedJsonGenerator._writeString2(I)V @ 21

Internal exceptions (10 events):
Event: 873.218 Thread 0x000000005cce5000 Exception <a 'java/io/IOException'> (0x00000000dcb43ba8) thrown at [C:\re\workspace\8-2-build-windows-amd64-cygwin\jdk8u144\9417\hotspot\src\share\vm\prims\jni.cpp, line 709]
Event: 873.223 Thread 0x000000005b355800 Exception <a 'java/io/IOException'> (0x00000000dcd83f20) thrown at [C:\re\workspace\8-2-build-windows-amd64-cygwin\jdk8u144\9417\hotspot\src\share\vm\prims\jni.cpp, line 709]
Event: 963.425 Thread 0x000000005cce8800 Exception <a 'java/io/IOException'> (0x00000000dcf0bbd0) thrown at [C:\re\workspace\8-2-build-windows-amd64-cygwin\jdk8u144\9417\hotspot\src\share\vm\prims\jni.cpp, line 709]
Event: 998.724 Thread 0x000000005b355800 Implicit null exception at 0x0000000003a749c2 to 0x0000000003a74b81
Event: 8950.208 Thread 0x000000005cce9800 Exception <a 'java/io/IOException'> (0x00000000dcac36f0) thrown at [C:\re\workspace\8-2-build-windows-amd64-cygwin\jdk8u144\9417\hotspot\src\share\vm\prims\jni.cpp, line 709]
Event: 28889.056 Thread 0x000000005b357000 Exception <a 'java/io/IOException'> (0x00000000de1cacd0) thrown at [C:\re\workspace\8-2-build-windows-amd64-cygwin\jdk8u144\9417\hotspot\src\share\vm\prims\jni.cpp, line 709]
Event: 28889.451 Thread 0x000000005cce8800 Exception <a 'java/io/FileNotFoundException'> (0x00000000deeb9c98) thrown at [C:\re\workspace\8-2-build-windows-amd64-cygwin\jdk8u144\9417\hotspot\src\share\vm\prims\jni.cpp, line 709]
Event: 28889.451 Thread 0x000000005cce8800 Exception <a 'java/io/FileNotFoundException'> (0x00000000deeba8c8) thrown at [C:\re\workspace\8-2-build-windows-amd64-cygwin\jdk8u144\9417\hotspot\src\share\vm\prims\jni.cpp, line 709]
Event: 29217.874 Thread 0x000000005cce9800 Exception <a 'java/io/IOException'> (0x00000000e060bd08) thrown at [C:\re\workspace\8-2-build-windows-amd64-cygwin\jdk8u144\9417\hotspot\src\share\vm\prims\jni.cpp, line 709]
Event: 29217.876 Thread 0x000000005b356800 Exception <a 'java/io/IOException'> (0x00000000e0919648) thrown at [C:\re\workspace\8-2-build-windows-amd64-cygwin\jdk8u144\9417\hotspot\src\share\vm\prims\jni.cpp, line 709]

Events (10 events):
Event: 29218.153 Executing VM operation: RevokeBias done
Event: 29223.894 Executing VM operation: RevokeBias
Event: 29223.894 Executing VM operation: RevokeBias done
Event: 29223.894 Executing VM operation: RevokeBias
Event: 29223.894 Executing VM operation: RevokeBias done
Event: 29223.895 Executing VM operation: RevokeBias
Event: 29223.895 Executing VM operation: RevokeBias done
Event: 29223.895 Executing VM operation: RevokeBias
Event: 29223.895 Executing VM operation: RevokeBias done
Event: 29233.533 Executing VM operation: ParallelGCFailedAllocation


Dynamic libraries:
0x000000013fa80000 - 0x000000013fab7000 	C:\Program Files\Java\jdk1.8.0_144\bin\javaw.exe
0x0000000077770000 - 0x0000000077919000 	C:\Windows\SYSTEM32\ntdll.dll
0x000007feedf30000 - 0x000007feedf63000 	C:\Program Files\AVAST Software\Avast\x64\aswhooka.dll
0x0000000077550000 - 0x000000007766f000 	C:\Windows\system32\kernel32.dll
0x000007fefd920000 - 0x000007fefd98b000 	C:\Windows\system32\KERNELBASE.dll
0x000007fefe6a0000 - 0x000007fefe77b000 	C:\Windows\system32\ADVAPI32.dll
0x000007feff9e0000 - 0x000007feffa7f000 	C:\Windows\system32\msvcrt.dll
0x000007fefe420000 - 0x000007fefe43f000 	C:\Windows\SYSTEM32\sechost.dll
0x000007fefeb20000 - 0x000007fefec4d000 	C:\Windows\system32\RPCRT4.dll
0x0000000077670000 - 0x000000007776a000 	C:\Windows\system32\USER32.dll
0x000007fefdf10000 - 0x000007fefdf77000 	C:\Windows\system32\GDI32.dll
0x000007fefe780000 - 0x000007fefe78e000 	C:\Windows\system32\LPK.dll
0x000007fefda90000 - 0x000007fefdb59000 	C:\Windows\system32\USP10.dll
0x000007fefb9f0000 - 0x000007fefbbe4000 	C:\Windows\WinSxS\amd64_microsoft.windows.common-controls_6595b64144ccf1df_6.0.7601.17514_none_fa396087175ac9ac\COMCTL32.dll
0x000007fefdf80000 - 0x000007fefdff1000 	C:\Windows\system32\SHLWAPI.dll
0x000007fefdce0000 - 0x000007fefdd0e000 	C:\Windows\system32\IMM32.DLL
0x000007fefe310000 - 0x000007fefe419000 	C:\Windows\system32\MSCTF.dll
0x0000000068cc0000 - 0x0000000068d92000 	C:\Program Files\Java\jdk1.8.0_144\jre\bin\msvcr100.dll
0x0000000057060000 - 0x00000000578fd000 	C:\Program Files\Java\jdk1.8.0_144\jre\bin\server\jvm.dll
0x000007fef9250000 - 0x000007fef9259000 	C:\Windows\system32\WSOCK32.dll
0x000007fefe2c0000 - 0x000007fefe30d000 	C:\Windows\system32\WS2_32.dll
0x000007fefe2b0000 - 0x000007fefe2b8000 	C:\Windows\system32\NSI.dll
0x000007fef8010000 - 0x000007fef804b000 	C:\Windows\system32\WINMM.dll
0x000007fefc7a0000 - 0x000007fefc7ac000 	C:\Windows\system32\VERSION.dll
0x0000000077940000 - 0x0000000077947000 	C:\Windows\system32\PSAPI.DLL
0x000000006ae40000 - 0x000000006ae4f000 	C:\Program Files\Java\jdk1.8.0_144\jre\bin\verify.dll
0x000000006ae10000 - 0x000000006ae39000 	C:\Program Files\Java\jdk1.8.0_144\jre\bin\java.dll
0x0000000069160000 - 0x0000000069176000 	C:\Program Files\Java\jdk1.8.0_144\jre\bin\zip.dll
0x000007fefec50000 - 0x000007feff9d8000 	C:\Windows\system32\SHELL32.dll
0x000007fefe000000 - 0x000007fefe203000 	C:\Windows\system32\ole32.dll
0x000007fefd6c0000 - 0x000007fefd6cf000 	C:\Windows\system32\profapi.dll
0x000000006ae80000 - 0x000000006ae8d000 	C:\Program Files\Java\jdk1.8.0_144\jre\bin\management.dll
0x0000000069680000 - 0x000000006969a000 	C:\Program Files\Java\jdk1.8.0_144\jre\bin\net.dll
0x000007fefceb0000 - 0x000007fefcf05000 	C:\Windows\system32\mswsock.dll
0x000007fefcea0000 - 0x000007fefcea7000 	C:\Windows\System32\wship6.dll
0x000007fefbe10000 - 0x000007fefbe25000 	C:\Windows\system32\NLAapi.dll
0x000007fef7ff0000 - 0x000007fef8005000 	C:\Windows\system32\napinsp.dll
0x000007fef7fd0000 - 0x000007fef7fe9000 	C:\Windows\system32\pnrpnsp.dll
0x000007fefcd30000 - 0x000007fefcd8b000 	C:\Windows\system32\DNSAPI.dll
0x000007fef7fc0000 - 0x000007fef7fcb000 	C:\Windows\System32\winrnr.dll
0x000007fef7fb0000 - 0x000007fef7fc0000 	C:\Windows\system32\wshbth.dll
0x000007fefc870000 - 0x000007fefc877000 	C:\Windows\System32\wshtcpip.dll
0x000007fefaa30000 - 0x000007fefaa57000 	C:\Windows\system32\IPHLPAPI.DLL
0x000007fefb290000 - 0x000007fefb29b000 	C:\Windows\system32\WINNSI.DLL
0x000007fef9240000 - 0x000007fef9248000 	C:\Windows\system32\rasadhlp.dll
0x000007fefaa60000 - 0x000007fefaab3000 	C:\Windows\System32\fwpuclnt.dll
0x0000000069140000 - 0x0000000069151000 	C:\Program Files\Java\jdk1.8.0_144\jre\bin\nio.dll
0x000007fefcf10000 - 0x000007fefcf27000 	C:\Windows\system32\CRYPTSP.dll
0x000007fefcc10000 - 0x000007fefcc57000 	C:\Windows\system32\rsaenh.dll
0x000007fefc990000 - 0x000007fefc9ae000 	C:\Windows\system32\USERENV.dll
0x000007fefd5f0000 - 0x000007fefd5ff000 	C:\Windows\system32\CRYPTBASE.dll
0x000007fefa830000 - 0x000007fefa841000 	C:\Windows\system32\dhcpcsvc6.DLL
0x000007fefa810000 - 0x000007fefa828000 	C:\Windows\system32\dhcpcsvc.DLL
0x000007fef98a0000 - 0x000007fef99c5000 	C:\Windows\system32\dbghelp.dll

VM Arguments:
jvm_args: -Dfile.encoding=UTF-8 
java_command: com.archnet.Boot
java_class_path (initial): C:\archnet\frameworks-springboot\target\classes;C:\Users\User\.m2\repository\org\springframework\boot\spring-boot-starter-websocket\1.5.7.RELEASE\spring-boot-starter-websocket-1.5.7.RELEASE.jar;C:\Users\User\.m2\repository\org\springframework\boot\spring-boot-starter\1.5.7.RELEASE\spring-boot-starter-1.5.7.RELEASE.jar;C:\Users\User\.m2\repository\org\springframework\boot\spring-boot\1.5.7.RELEASE\spring-boot-1.5.7.RELEASE.jar;C:\Users\User\.m2\repository\org\springframework\boot\spring-boot-autoconfigure\1.5.7.RELEASE\spring-boot-autoconfigure-1.5.7.RELEASE.jar;C:\Users\User\.m2\repository\org\springframework\boot\spring-boot-starter-logging\1.5.7.RELEASE\spring-boot-starter-logging-1.5.7.RELEASE.jar;C:\Users\User\.m2\repository\ch\qos\logback\logback-classic\1.1.11\logback-classic-1.1.11.jar;C:\Users\User\.m2\repository\ch\qos\logback\logback-core\1.1.11\logback-core-1.1.11.jar;C:\Users\User\.m2\repository\org\slf4j\jul-to-slf4j\1.7.25\jul-to-slf4j-1.7.25.jar;C:\Users\User\.m2\repository\org\slf4j\log4j-over-slf4j\1.7.25\log4j-over-slf4j-1.7.25.jar;C:\Users\User\.m2\repository\org\springframework\spring-core\4.3.11.RELEASE\spring-core-4.3.11.RELEASE.jar;C:\Users\User\.m2\repository\org\yaml\snakeyaml\1.17\snakeyaml-1.17.jar;C:\Users\User\.m2\repository\org\springframework\spring-messaging\4.3.11.RELEASE\spring-messaging-4.3.11.RELEASE.jar;C:\Users\User\.m2\repository\org\springframework\spring-beans\4.3.11.RELEASE\spring-beans-4.3.11.RELEASE.jar;C:\Users\User\.m2\repository\org\springframework\spring-context\4.3.11.RELEASE\spring-context-4.3.11.RELEASE.jar;C:\Users\User\.m2\repository\org\springframework\spring-websocket\4.3.11.RELEASE\spring-websocket-4.3.11.RELEASE.jar;C:\Users\User\.m2\repository\org\springframework\boot\spring-boot-starter-web\1.5.7.RELEASE\spring-boot-starter-web-1.5.7.RELEASE.jar;C:\Users\User\.m2\repository\org\springframework\boot\spring-boot-starter-tomcat\1.5.7.RELEASE\spring-boot-starter-tomcat-1.5.7.RELEASE.
Launcher Type: SUN_STANDARD

Environment Variables:
PATH=C:/Program Files/Java/jre1.8.0_144/bin/server;C:/Program Files/Java/jre1.8.0_144/bin;C:/Program Files/Java/jre1.8.0_144/lib/amd64;C:\ProgramData\Oracle\Java\javapath;C:\Windows\system32;C:\Windows;C:\Windows\System32\Wbem;C:\Windows\System32\WindowsPowerShell\v1.0\;C:\Program Files (x86)\Skype\Phone\;C:\Program Files\Git\cmd;C:\Java\jdk-9\bin;C:\Program Files\nodejs\;C:\Users\User\AppData\Roaming\npm;C:\Program Files\Heroku\bin;C:\Users\User\AppData\Roaming\Dashlane\4.9.0.38686\bin\Firefox_Extension\{442718d9-475e-452a-b3e1-fb1ee16b8e9f}\components;C:\Users\User\AppData\Roaming\Dashlane\4.9.0.38686\ucrt;C:\eclipse;
USERNAME=User
OS=Windows_NT
PROCESSOR_IDENTIFIER=Intel64 Family 6 Model 69 Stepping 1, GenuineIntel



---------------  S Y S T E M  ---------------

OS: Windows 7 , 64 bit Build 7601 (6.1.7601.17514)

CPU:total 4 (initial active 4) (2 cores per cpu, 2 threads per core) family 6 model 69 stepping 1, cmov, cx8, fxsr, mmx, sse, sse2, sse3, ssse3, sse4.1, sse4.2, popcnt, avx, avx2, aes, clmul, erms, lzcnt, ht, tsc, tscinvbit, bmi1, bmi2

Memory: 4k page, physical 8307056k(3152324k free), swap 16612268k(10313780k free)

vm_info: Java HotSpot(TM) 64-Bit Server VM (25.144-b01) for windows-amd64 JRE (1.8.0_144-b01), built on Jul 21 2017 21:57:33 by "java_re" with MS VC++ 10.0 (VS2010)

time: Tue Nov 07 19:31:28 2017
elapsed time: 29233 seconds (0d 8h 7m 13s)

