#
# A fatal error has been detected by the Java Runtime Environment:
#
#  Internal Error (nativeInst_x86.cpp:484), pid=5836, tid=0x0000000000001200
#  guarantee(disp == (intptr_t)(int32_t)disp) failed: must be 32-bit offset
#
# JRE version: Java(TM) SE Runtime Environment (8.0_144-b01) (build 1.8.0_144-b01)
# Java VM: Java HotSpot(TM) 64-Bit Server VM (25.144-b01 mixed mode windows-amd64 compressed oops)
# Failed to write core dump. Minidumps are not enabled by default on client versions of Windows
#
# If you would like to submit a bug report, please visit:
#   http://bugreport.java.com/bugreport/crash.jsp
#

---------------  T H R E A D  ---------------

Current thread (0x00000000589bd800):  JavaThread "C1 CompilerThread2" daemon [_thread_in_vm, id=4608, stack(0x0000000059080000,0x0000000059180000)]

Stack: [0x0000000059080000,0x0000000059180000]
[error occurred during error reporting (printing stack bounds), id 0xc0000005]

Native frames: (J=compiled Java code, j=interpreted, Vv=VM code, C=native code)


Current CompileTask:
C1:162548201 11899       1       com.fasterxml.jackson.core.json.JsonWriteContext::clearAndGetParent (10 bytes)


---------------  P R O C E S S  ---------------

Java Threads: ( => current thread )
  0x000000005e0df000 JavaThread "WebSocket background processing" daemon [_thread_blocked, id=8288, stack(0x0000000064020000,0x0000000064120000)]
  0x000000005e0db800 JavaThread "DestroyJavaVM" [_thread_blocked, id=6616, stack(0x00000000023d0000,0x00000000024d0000)]
  0x000000005e0da800 JavaThread "http-nio-8080-AsyncTimeout" daemon [_thread_blocked, id=1580, stack(0x00000000645e0000,0x00000000646e0000)]
  0x000000005e0da000 JavaThread "http-nio-8080-Acceptor-0" daemon [_thread_in_native, id=6824, stack(0x0000000064420000,0x0000000064520000)]
  0x000000005e0d9000 JavaThread "http-nio-8080-ClientPoller-1" daemon [_thread_in_native, id=6776, stack(0x00000000642e0000,0x00000000643e0000)]
  0x000000006060c000 JavaThread "http-nio-8080-ClientPoller-0" daemon [_thread_in_native, id=3300, stack(0x0000000064130000,0x0000000064230000)]
  0x000000006060b000 JavaThread "http-nio-8080-exec-10" daemon [_thread_in_vm, id=4356, stack(0x0000000063f20000,0x0000000064020000)]
  0x000000006060a000 JavaThread "http-nio-8080-exec-9" daemon [_thread_blocked, id=6476, stack(0x0000000063bb0000,0x0000000063cb0000)]
  0x0000000060609800 JavaThread "http-nio-8080-exec-8" daemon [_thread_blocked, id=5616, stack(0x0000000063cf0000,0x0000000063df0000)]
  0x0000000060608800 JavaThread "http-nio-8080-exec-7" daemon [_thread_blocked, id=3656, stack(0x0000000063a00000,0x0000000063b00000)]
  0x0000000060608000 JavaThread "http-nio-8080-exec-6" daemon [_thread_blocked, id=1548, stack(0x00000000637b0000,0x00000000638b0000)]
  0x0000000060607000 JavaThread "http-nio-8080-exec-5" daemon [_thread_blocked, id=2440, stack(0x000000005af20000,0x000000005b020000)]
  0x0000000060606800 JavaThread "http-nio-8080-exec-4" daemon [_thread_blocked, id=2472, stack(0x0000000063660000,0x0000000063760000)]
  0x0000000060605800 JavaThread "http-nio-8080-exec-3" daemon [_thread_blocked, id=3092, stack(0x00000000630a0000,0x00000000631a0000)]
  0x0000000060605000 JavaThread "http-nio-8080-exec-2" daemon [_thread_blocked, id=4532, stack(0x0000000063480000,0x0000000063580000)]
  0x0000000059f23800 JavaThread "http-nio-8080-exec-1" daemon [_thread_blocked, id=5388, stack(0x000000005c6b0000,0x000000005c7b0000)]
  0x0000000059f22800 JavaThread "NioBlockingSelector.BlockPoller-1" daemon [_thread_in_native, id=3448, stack(0x000000005bca0000,0x000000005bda0000)]
  0x0000000059f22000 JavaThread "Thread-4" [_thread_blocked, id=3492, stack(0x00000000616e0000,0x00000000617e0000)]
  0x0000000059f21000 JavaThread "Thread-3" [_thread_blocked, id=2488, stack(0x0000000061300000,0x0000000061400000)]
  0x0000000059bb9800 JavaThread "Tomcat JDBC Pool Cleaner[1943105171:1522705826837]" daemon [_thread_blocked, id=6672, stack(0x0000000061b00000,0x0000000061c00000)]
  0x0000000059e00800 JavaThread "container-0" [_thread_blocked, id=2496, stack(0x0000000060170000,0x0000000060270000)]
  0x000000005f771800 JavaThread "ContainerBackgroundProcessor[StandardEngine[Tomcat]]" daemon [_thread_blocked, id=2116, stack(0x0000000060000000,0x0000000060100000)]
  0x0000000058a26800 JavaThread "Service Thread" daemon [_thread_blocked, id=6708, stack(0x00000000593a0000,0x00000000594a0000)]
=>0x00000000589bd800 JavaThread "C1 CompilerThread2" daemon [_thread_in_vm, id=4608, stack(0x0000000059080000,0x0000000059180000)]
  0x00000000574bf800 JavaThread "C2 CompilerThread1" daemon [_thread_blocked, id=5964, stack(0x0000000059200000,0x0000000059300000)]
  0x00000000589b6800 JavaThread "C2 CompilerThread0" daemon [_thread_blocked, id=2524, stack(0x0000000058f40000,0x0000000059040000)]
  0x00000000589b4800 JavaThread "Attach Listener" daemon [_thread_blocked, id=5904, stack(0x0000000058750000,0x0000000058850000)]
  0x00000000574b9800 JavaThread "Signal Dispatcher" daemon [_thread_blocked, id=7024, stack(0x0000000058e40000,0x0000000058f40000)]
  0x000000005749f000 JavaThread "Finalizer" daemon [_thread_blocked, id=6928, stack(0x00000000588b0000,0x00000000589b0000)]
  0x0000000057458000 JavaThread "Reference Handler" daemon [_thread_blocked, id=7124, stack(0x00000000584d0000,0x00000000585d0000)]

Other Threads:
  0x0000000057450800 VMThread [stack: 0x0000000058610000,0x0000000058710000] [id=644]
  0x0000000058a8f000 WatcherThread [stack: 0x0000000059640000,0x0000000059740000] [id=1508]

VM state:not at safepoint (normal execution)

VM Mutex/Monitor currently owned by a thread:  ([mutex/lock_event])
[0x000000000229fbb0] Patching_lock - owner thread: 0x00000000589bd800
[0x000000000210a580] CompiledIC_lock - owner thread: 0x000000006060b000
[0x000000000210a900] Compile_lock - owner thread: 0x00000000589bd800
[0x000000000210aa00] MethodCompileQueue_lock - owner thread: 0x00000000589bd800

Heap:
 PSYoungGen      total 330752K, used 42990K [0x00000000d5b80000, 0x00000000eba00000, 0x0000000100000000)
  eden space 313344K, 8% used [0x00000000d5b80000,0x00000000d760dcf8,0x00000000e8d80000)
  from space 17408K, 90% used [0x00000000ea000000,0x00000000eaf6dc78,0x00000000eb100000)
  to   space 18944K, 0% used [0x00000000e8d80000,0x00000000e8d80000,0x00000000ea000000)
 ParOldGen       total 138240K, used 40885K [0x0000000081200000, 0x0000000089900000, 0x00000000d5b80000)
  object space 138240K, 29% used [0x0000000081200000,0x00000000839ed708,0x0000000089900000)
 Metaspace       used 74506K, capacity 75620K, committed 75952K, reserved 1116160K
  class space    used 9056K, capacity 9284K, committed 9392K, reserved 1048576K

Card table byte_map: [0x0000000011b60000,0x0000000011f60000] byte_map_base: 0x0000000011757000

Marking Bits: (ParMarkBitMap*) 0x000000005ba5d850
 Begin Bits: [0x0000000012750000, 0x0000000014708000)
 End Bits:   [0x0000000014708000, 0x00000000166c0000)

Polling page: 0x0000000001b70000

CodeCache: size=245760Kb used=34916Kb max_used=35315Kb free=210844Kb
 bounds [0x00000000027a0000, 0x0000000004a90000, 0x00000000117a0000]
 total_blobs=10598 nmethods=9766 adapters=743
 compilation: enabled

Compilation events (10 events):
Event: 162522.434 Thread 0x00000000589bd800 nmethod 11894 0x0000000003c0c610 code [0x0000000003c0c780, 0x0000000003c0c9a8]
Event: 162522.435 Thread 0x00000000589bd800 11895       3       org.springframework.core.ResolvableType::forType (107 bytes)
Event: 162522.436 Thread 0x00000000589bd800 nmethod 11895 0x00000000030dd410 code [0x00000000030dd620, 0x00000000030ddfc8]
Event: 162522.437 Thread 0x00000000589b6800 11896       4       org.h2.value.Value::getHigherOrder (75 bytes)
Event: 162522.437 Thread 0x00000000589b6800 nmethod 11896 0x00000000034039d0 code [0x0000000003403b00, 0x0000000003403b98]
Event: 162522.438 Thread 0x00000000574bf800 11897       4       java.util.IdentityHashMap::put (137 bytes)
Event: 162522.438 Thread 0x00000000589bd800 11898       3       org.hibernate.internal.util.collections.ArrayHelper::countTrue (38 bytes)
Event: 162522.439 Thread 0x00000000589bd800 nmethod 11898 0x0000000002da11d0 code [0x0000000002da1340, 0x0000000002da1570]
Event: 162522.441 Thread 0x00000000574bf800 nmethod 11897 0x0000000003ca1f90 code [0x0000000003ca20e0, 0x0000000003ca2368]
Event: 162522.450 Thread 0x00000000589bd800 11899       1       com.fasterxml.jackson.core.json.JsonWriteContext::clearAndGetParent (10 bytes)

GC Heap History (10 events):
Event: 25.657 GC heap before
{Heap before GC invocations=17 (full 2):
 PSYoungGen      total 227840K, used 50105K [0x00000000d5b80000, 0x00000000e4980000, 0x0000000100000000)
  eden space 213504K, 18% used [0x00000000d5b80000,0x00000000d829cf10,0x00000000e2c00000)
  from space 14336K, 70% used [0x00000000e3a80000,0x00000000e4451800,0x00000000e4880000)
  to   space 14848K, 0% used [0x00000000e2c00000,0x00000000e2c00000,0x00000000e3a80000)
 ParOldGen       total 97280K, used 34955K [0x0000000081200000, 0x0000000087100000, 0x00000000d5b80000)
  object space 97280K, 35% used [0x0000000081200000,0x0000000083422c98,0x0000000087100000)
 Metaspace       used 58278K, capacity 58766K, committed 59160K, reserved 1101824K
  class space    used 7401K, capacity 7559K, committed 7600K, reserved 1048576K
Event: 25.674 GC heap after
Heap after GC invocations=17 (full 2):
 PSYoungGen      total 228352K, used 1906K [0x00000000d5b80000, 0x00000000e9400000, 0x0000000100000000)
  eden space 213504K, 0% used [0x00000000d5b80000,0x00000000d5b80000,0x00000000e2c00000)
  from space 14848K, 12% used [0x00000000e2c00000,0x00000000e2ddc848,0x00000000e3a80000)
  to   space 15360K, 0% used [0x00000000e8500000,0x00000000e8500000,0x00000000e9400000)
 ParOldGen       total 97280K, used 42122K [0x0000000081200000, 0x0000000087100000, 0x00000000d5b80000)
  object space 97280K, 43% used [0x0000000081200000,0x0000000083b22b38,0x0000000087100000)
 Metaspace       used 58278K, capacity 58766K, committed 59160K, reserved 1101824K
  class space    used 7401K, capacity 7559K, committed 7600K, reserved 1048576K
}
Event: 25.674 GC heap before
{Heap before GC invocations=18 (full 3):
 PSYoungGen      total 228352K, used 1906K [0x00000000d5b80000, 0x00000000e9400000, 0x0000000100000000)
  eden space 213504K, 0% used [0x00000000d5b80000,0x00000000d5b80000,0x00000000e2c00000)
  from space 14848K, 12% used [0x00000000e2c00000,0x00000000e2ddc848,0x00000000e3a80000)
  to   space 15360K, 0% used [0x00000000e8500000,0x00000000e8500000,0x00000000e9400000)
 ParOldGen       total 97280K, used 42122K [0x0000000081200000, 0x0000000087100000, 0x00000000d5b80000)
  object space 97280K, 43% used [0x0000000081200000,0x0000000083b22b38,0x0000000087100000)
 Metaspace       used 58278K, capacity 58766K, committed 59160K, reserved 1101824K
  class space    used 7401K, capacity 7559K, committed 7600K, reserved 1048576K
Event: 26.098 GC heap after
Heap after GC invocations=18 (full 3):
 PSYoungGen      total 228352K, used 0K [0x00000000d5b80000, 0x00000000e9400000, 0x0000000100000000)
  eden space 213504K, 0% used [0x00000000d5b80000,0x00000000d5b80000,0x00000000e2c00000)
  from space 14848K, 0% used [0x00000000e2c00000,0x00000000e2c00000,0x00000000e3a80000)
  to   space 15360K, 0% used [0x00000000e8500000,0x00000000e8500000,0x00000000e9400000)
 ParOldGen       total 138240K, used 40853K [0x0000000081200000, 0x0000000089900000, 0x00000000d5b80000)
  object space 138240K, 29% used [0x0000000081200000,0x00000000839e5708,0x0000000089900000)
 Metaspace       used 58278K, capacity 58766K, committed 59160K, reserved 1101824K
  class space    used 7401K, capacity 7559K, committed 7600K, reserved 1048576K
}
Event: 376.588 GC heap before
{Heap before GC invocations=19 (full 3):
 PSYoungGen      total 228352K, used 213504K [0x00000000d5b80000, 0x00000000e9400000, 0x0000000100000000)
  eden space 213504K, 100% used [0x00000000d5b80000,0x00000000e2c00000,0x00000000e2c00000)
  from space 14848K, 0% used [0x00000000e2c00000,0x00000000e2c00000,0x00000000e3a80000)
  to   space 15360K, 0% used [0x00000000e8500000,0x00000000e8500000,0x00000000e9400000)
 ParOldGen       total 138240K, used 40853K [0x0000000081200000, 0x0000000089900000, 0x00000000d5b80000)
  object space 138240K, 29% used [0x0000000081200000,0x00000000839e5708,0x0000000089900000)
 Metaspace       used 65103K, capacity 65762K, committed 66224K, reserved 1107968K
  class space    used 8116K, capacity 8257K, committed 8368K, reserved 1048576K
Event: 376.610 GC heap after
Heap after GC invocations=19 (full 3):
 PSYoungGen      total 282624K, used 10011K [0x00000000d5b80000, 0x00000000e8f00000, 0x0000000100000000)
  eden space 272384K, 0% used [0x00000000d5b80000,0x00000000d5b80000,0x00000000e6580000)
  from space 10240K, 97% used [0x00000000e8500000,0x00000000e8ec6da0,0x00000000e8f00000)
  to   space 15360K, 0% used [0x00000000e7100000,0x00000000e7100000,0x00000000e8000000)
 ParOldGen       total 138240K, used 40861K [0x0000000081200000, 0x0000000089900000, 0x00000000d5b80000)
  object space 138240K, 29% used [0x0000000081200000,0x00000000839e7708,0x0000000089900000)
 Metaspace       used 65103K, capacity 65762K, committed 66224K, reserved 1107968K
  class space    used 8116K, capacity 8257K, committed 8368K, reserved 1048576K
}
Event: 119585.963 GC heap before
{Heap before GC invocations=20 (full 3):
 PSYoungGen      total 282624K, used 282395K [0x00000000d5b80000, 0x00000000e8f00000, 0x0000000100000000)
  eden space 272384K, 100% used [0x00000000d5b80000,0x00000000e6580000,0x00000000e6580000)
  from space 10240K, 97% used [0x00000000e8500000,0x00000000e8ec6da0,0x00000000e8f00000)
  to   space 15360K, 0% used [0x00000000e7100000,0x00000000e7100000,0x00000000e8000000)
 ParOldGen       total 138240K, used 40861K [0x0000000081200000, 0x0000000089900000, 0x00000000d5b80000)
  object space 138240K, 29% used [0x0000000081200000,0x00000000839e7708,0x0000000089900000)
 Metaspace       used 70928K, capacity 71724K, committed 72112K, reserved 1112064K
  class space    used 8643K, capacity 8832K, committed 8880K, reserved 1048576K
Event: 119586.016 GC heap after
Heap after GC invocations=20 (full 3):
 PSYoungGen      total 299520K, used 14658K [0x00000000d5b80000, 0x00000000eb100000, 0x0000000100000000)
  eden space 284160K, 0% used [0x00000000d5b80000,0x00000000d5b80000,0x00000000e7100000)
  from space 15360K, 95% used [0x00000000e7100000,0x00000000e7f50a38,0x00000000e8000000)
  to   space 17408K, 0% used [0x00000000ea000000,0x00000000ea000000,0x00000000eb100000)
 ParOldGen       total 138240K, used 40869K [0x0000000081200000, 0x0000000089900000, 0x00000000d5b80000)
  object space 138240K, 29% used [0x0000000081200000,0x00000000839e9708,0x0000000089900000)
 Metaspace       used 70928K, capacity 71724K, committed 72112K, reserved 1112064K
  class space    used 8643K, capacity 8832K, committed 8880K, reserved 1048576K
}
Event: 157735.870 GC heap before
{Heap before GC invocations=21 (full 3):
 PSYoungGen      total 299520K, used 298818K [0x00000000d5b80000, 0x00000000eb100000, 0x0000000100000000)
  eden space 284160K, 100% used [0x00000000d5b80000,0x00000000e7100000,0x00000000e7100000)
  from space 15360K, 95% used [0x00000000e7100000,0x00000000e7f50a38,0x00000000e8000000)
  to   space 17408K, 0% used [0x00000000ea000000,0x00000000ea000000,0x00000000eb100000)
 ParOldGen       total 138240K, used 40869K [0x0000000081200000, 0x0000000089900000, 0x00000000d5b80000)
  object space 138240K, 29% used [0x0000000081200000,0x00000000839e9708,0x0000000089900000)
 Metaspace       used 74487K, capacity 75556K, committed 75696K, reserved 1116160K
  class space    used 9055K, capacity 9284K, committed 9392K, reserved 1048576K
Event: 157735.984 GC heap after
Heap after GC invocations=21 (full 3):
 PSYoungGen      total 330752K, used 15799K [0x00000000d5b80000, 0x00000000eba00000, 0x0000000100000000)
  eden space 313344K, 0% used [0x00000000d5b80000,0x00000000d5b80000,0x00000000e8d80000)
  from space 17408K, 90% used [0x00000000ea000000,0x00000000eaf6dc78,0x00000000eb100000)
  to   space 18944K, 0% used [0x00000000e8d80000,0x00000000e8d80000,0x00000000ea000000)
 ParOldGen       total 138240K, used 40885K [0x0000000081200000, 0x0000000089900000, 0x00000000d5b80000)
  object space 138240K, 29% used [0x0000000081200000,0x00000000839ed708,0x0000000089900000)
 Metaspace       used 74487K, capacity 75556K, committed 75696K, reserved 1116160K
  class space    used 9055K, capacity 9284K, committed 9392K, reserved 1048576K
}

Deoptimization events (10 events):
Event: 120354.811 Thread 0x0000000060607000 Uncommon trap: reason=unstable_if action=reinterpret pc=0x0000000003944dc8 method=java.util.concurrent.ConcurrentHashMap.addCount(JI)V @ 97
Event: 131955.095 Thread 0x0000000060608800 Uncommon trap: reason=unstable_if action=reinterpret pc=0x000000000298d438 method=java.util.WeakHashMap.remove(Ljava/lang/Object;)Ljava/lang/Object; @ 94
Event: 156137.535 Thread 0x0000000060605800 Uncommon trap: reason=array_check action=maybe_recompile pc=0x0000000002a5562c method=org.hibernate.engine.internal.EntityEntryContext.reentrantSafeEntityEntries()[Ljava/util/Map$Entry; @ 57
Event: 156705.473 Thread 0x0000000060609800 Uncommon trap: reason=array_check action=maybe_recompile pc=0x0000000002a5562c method=org.hibernate.engine.internal.EntityEntryContext.reentrantSafeEntityEntries()[Ljava/util/Map$Entry; @ 57
Event: 156883.082 Thread 0x000000006060a000 Uncommon trap: reason=array_check action=maybe_recompile pc=0x0000000002a5562c method=org.hibernate.engine.internal.EntityEntryContext.reentrantSafeEntityEntries()[Ljava/util/Map$Entry; @ 57
Event: 157018.713 Thread 0x000000006060b000 Uncommon trap: reason=array_check action=maybe_recompile pc=0x0000000002a5562c method=org.hibernate.engine.internal.EntityEntryContext.reentrantSafeEntityEntries()[Ljava/util/Map$Entry; @ 57
Event: 157736.220 Thread 0x0000000060608000 Uncommon trap: reason=unstable_if action=reinterpret pc=0x0000000002dd7b34 method=org.springframework.util.ConcurrentReferenceHashMap$Segment.restructureIfNecessary(Z)V @ 33
Event: 157737.797 Thread 0x0000000060609800 Uncommon trap: reason=unstable_if action=reinterpret pc=0x00000000035b319c method=org.springframework.util.ConcurrentReferenceHashMap$Segment.doTask(ILjava/lang/Object;Lorg/springframework/util/ConcurrentReferenceHashMap$Task;)Ljava/lang/Object; @ 86
Event: 157765.213 Thread 0x0000000060605000 Uncommon trap: reason=unstable_if action=reinterpret pc=0x0000000003b7ed88 method=org.springframework.util.ConcurrentReferenceHashMap$Segment.doTask(ILjava/lang/Object;Lorg/springframework/util/ConcurrentReferenceHashMap$Task;)Ljava/lang/Object; @ 86
Event: 162495.363 Thread 0x000000006060b000 Uncommon trap: reason=unstable_if action=reinterpret pc=0x0000000003934794 method=java.util.regex.Pattern$LastNode.match(Ljava/util/regex/Matcher;ILjava/lang/CharSequence;)Z @ 13

Internal exceptions (10 events):
Event: 132638.197 Thread 0x0000000060609800 Exception <a 'java/io/IOException'> (0x00000000dcf4a750) thrown at [C:\re\workspace\8-2-build-windows-amd64-cygwin\jdk8u144\9417\hotspot\src\share\vm\prims\jni.cpp, line 709]
Event: 132787.176 Thread 0x0000000060605800 Exception <a 'java/io/IOException'> (0x00000000ddfdffb8) thrown at [C:\re\workspace\8-2-build-windows-amd64-cygwin\jdk8u144\9417\hotspot\src\share\vm\prims\jni.cpp, line 709]
Event: 156033.994 Thread 0x000000006060a000 Exception <a 'java/io/IOException'> (0x00000000de917488) thrown at [C:\re\workspace\8-2-build-windows-amd64-cygwin\jdk8u144\9417\hotspot\src\share\vm\prims\jni.cpp, line 709]
Event: 156703.079 Thread 0x0000000059f23800 Exception <a 'java/io/IOException'> (0x00000000de873c70) thrown at [C:\re\workspace\8-2-build-windows-amd64-cygwin\jdk8u144\9417\hotspot\src\share\vm\prims\jni.cpp, line 709]
Event: 156878.276 Thread 0x0000000060609800 Exception <a 'java/io/IOException'> (0x00000000e1707628) thrown at [C:\re\workspace\8-2-build-windows-amd64-cygwin\jdk8u144\9417\hotspot\src\share\vm\prims\jni.cpp, line 709]
Event: 157011.069 Thread 0x000000006060a000 Exception <a 'java/io/IOException'> (0x00000000e25c03d0) thrown at [C:\re\workspace\8-2-build-windows-amd64-cygwin\jdk8u144\9417\hotspot\src\share\vm\prims\jni.cpp, line 709]
Event: 157288.149 Thread 0x000000006060b000 Exception <a 'java/io/IOException'> (0x00000000e34ac2d0) thrown at [C:\re\workspace\8-2-build-windows-amd64-cygwin\jdk8u144\9417\hotspot\src\share\vm\prims\jni.cpp, line 709]
Event: 157337.133 Thread 0x0000000060605000 Exception <a 'java/io/IOException'> (0x00000000e49c1d08) thrown at [C:\re\workspace\8-2-build-windows-amd64-cygwin\jdk8u144\9417\hotspot\src\share\vm\prims\jni.cpp, line 709]
Event: 157636.558 Thread 0x0000000060609800 Exception <a 'java/io/IOException'> (0x00000000e5a2dbd8) thrown at [C:\re\workspace\8-2-build-windows-amd64-cygwin\jdk8u144\9417\hotspot\src\share\vm\prims\jni.cpp, line 709]
Event: 157735.526 Thread 0x0000000060608800 Exception <a 'java/io/IOException'> (0x00000000e6854738) thrown at [C:\re\workspace\8-2-build-windows-amd64-cygwin\jdk8u144\9417\hotspot\src\share\vm\prims\jni.cpp, line 709]

Events (10 events):
Event: 162495.668 Executing VM operation: RevokeBias
Event: 162495.668 Executing VM operation: RevokeBias done
Event: 162497.568 Thread 0x00000000589b6800 flushing nmethod 0x00000000030dd410
Event: 162497.568 Thread 0x00000000589b6800 flushing nmethod 0x00000000031501d0
Event: 162499.403 Executing VM operation: RevokeBias
Event: 162499.404 Executing VM operation: RevokeBias done
Event: 162499.656 Executing VM operation: BulkRevokeBias
Event: 162499.656 Executing VM operation: BulkRevokeBias done
Event: 162522.436 Thread 0x00000000589bd800 flushing nmethod 0x0000000003c650d0
Event: 162522.436 Thread 0x00000000589bd800 flushing nmethod 0x0000000003c82c10


Dynamic libraries:
0x000000013fae0000 - 0x000000013fb17000 	C:\Program Files\Java\jdk1.8.0_144\bin\javaw.exe
0x0000000076d60000 - 0x0000000076f09000 	C:\Windows\SYSTEM32\ntdll.dll
0x000007fef1ad0000 - 0x000007fef1b04000 	C:\Program Files\AVAST Software\Avast\x64\aswhooka.dll
0x0000000076c40000 - 0x0000000076d5f000 	C:\Windows\system32\kernel32.dll
0x000007fefcf90000 - 0x000007fefcffb000 	C:\Windows\system32\KERNELBASE.dll
0x000007fefd490000 - 0x000007fefd56b000 	C:\Windows\system32\ADVAPI32.dll
0x000007fefd360000 - 0x000007fefd3ff000 	C:\Windows\system32\msvcrt.dll
0x000007fefda30000 - 0x000007fefda4f000 	C:\Windows\SYSTEM32\sechost.dll
0x000007fefd680000 - 0x000007fefd7ad000 	C:\Windows\system32\RPCRT4.dll
0x0000000076b40000 - 0x0000000076c3a000 	C:\Windows\system32\USER32.dll
0x000007fefd0e0000 - 0x000007fefd147000 	C:\Windows\system32\GDI32.dll
0x000007fefd480000 - 0x000007fefd48e000 	C:\Windows\system32\LPK.dll
0x000007fefd7b0000 - 0x000007fefd879000 	C:\Windows\system32\USP10.dll
0x000007fefc800000 - 0x000007fefc9f4000 	C:\Windows\WinSxS\amd64_microsoft.windows.common-controls_6595b64144ccf1df_6.0.7601.17514_none_fa396087175ac9ac\COMCTL32.dll
0x000007fefd400000 - 0x000007fefd471000 	C:\Windows\system32\SHLWAPI.dll
0x000007fefd650000 - 0x000007fefd67e000 	C:\Windows\system32\IMM32.DLL
0x000007fefd880000 - 0x000007fefd989000 	C:\Windows\system32\MSCTF.dll
0x0000000061820000 - 0x00000000618f2000 	C:\Program Files\Java\jdk1.8.0_144\jre\bin\msvcr100.dll
0x000000005b240000 - 0x000000005badd000 	C:\Program Files\Java\jdk1.8.0_144\jre\bin\server\jvm.dll
0x000007fef8560000 - 0x000007fef8569000 	C:\Windows\system32\WSOCK32.dll
0x000007fefd080000 - 0x000007fefd0cd000 	C:\Windows\system32\WS2_32.dll
0x000007fefd0d0000 - 0x000007fefd0d8000 	C:\Windows\system32\NSI.dll
0x000007fefc7c0000 - 0x000007fefc7fb000 	C:\Windows\system32\WINMM.dll
0x000007fefb7d0000 - 0x000007fefb7dc000 	C:\Windows\system32\VERSION.dll
0x0000000076f20000 - 0x0000000076f27000 	C:\Windows\system32\PSAPI.DLL
0x000000006a880000 - 0x000000006a88f000 	C:\Program Files\Java\jdk1.8.0_144\jre\bin\verify.dll
0x0000000067db0000 - 0x0000000067dd9000 	C:\Program Files\Java\jdk1.8.0_144\jre\bin\java.dll
0x0000000068890000 - 0x00000000688a6000 	C:\Program Files\Java\jdk1.8.0_144\jre\bin\zip.dll
0x000007fefe060000 - 0x000007fefede8000 	C:\Windows\system32\SHELL32.dll
0x000007fefd150000 - 0x000007fefd353000 	C:\Windows\system32\ole32.dll
0x000007fefccb0000 - 0x000007fefccbf000 	C:\Windows\system32\profapi.dll
0x0000000068090000 - 0x000000006809d000 	C:\Program Files\Java\jdk1.8.0_144\jre\bin\management.dll
0x0000000067e20000 - 0x0000000067e3a000 	C:\Program Files\Java\jdk1.8.0_144\jre\bin\net.dll
0x000007fefc220000 - 0x000007fefc275000 	C:\Windows\system32\mswsock.dll
0x000007fefc210000 - 0x000007fefc217000 	C:\Windows\System32\wship6.dll
0x000007fefa360000 - 0x000007fefa375000 	C:\Windows\system32\NLAapi.dll
0x000007fefb9c0000 - 0x000007fefb9d5000 	C:\Windows\system32\napinsp.dll
0x000007fefb9a0000 - 0x000007fefb9b9000 	C:\Windows\system32\pnrpnsp.dll
0x000007fefc0a0000 - 0x000007fefc0fb000 	C:\Windows\system32\DNSAPI.dll
0x000007fefb990000 - 0x000007fefb99b000 	C:\Windows\System32\winrnr.dll
0x000007fefb980000 - 0x000007fefb990000 	C:\Windows\system32\wshbth.dll
0x000007fefb710000 - 0x000007fefb717000 	C:\Windows\System32\wshtcpip.dll
0x000007fef9ff0000 - 0x000007fefa017000 	C:\Windows\system32\IPHLPAPI.DLL
0x000007fef9fd0000 - 0x000007fef9fdb000 	C:\Windows\system32\WINNSI.DLL
0x000007fef77f0000 - 0x000007fef77f8000 	C:\Windows\system32\rasadhlp.dll
0x000007fef9e80000 - 0x000007fef9ed3000 	C:\Windows\System32\fwpuclnt.dll
0x0000000063b60000 - 0x0000000063b71000 	C:\Program Files\Java\jdk1.8.0_144\jre\bin\nio.dll
0x000007fefc280000 - 0x000007fefc297000 	C:\Windows\system32\CRYPTSP.dll
0x000007fefbf80000 - 0x000007fefbfc7000 	C:\Windows\system32\rsaenh.dll
0x000007fefbcf0000 - 0x000007fefbd0e000 	C:\Windows\system32\USERENV.dll
0x000007fefcbe0000 - 0x000007fefcbef000 	C:\Windows\system32\CRYPTBASE.dll
0x000007fef9de0000 - 0x000007fef9df1000 	C:\Windows\system32\dhcpcsvc6.DLL
0x000007fef9dc0000 - 0x000007fef9dd8000 	C:\Windows\system32\dhcpcsvc.DLL
0x00000000631a0000 - 0x00000000631c4000 	C:\Program Files\Java\jdk1.8.0_144\jre\bin\sunec.dll
0x000000006aaa0000 - 0x000000006aaab000 	C:\Program Files\Java\jdk1.8.0_144\jre\bin\sunmscapi.dll
0x000007fefce20000 - 0x000007fefcf87000 	C:\Windows\system32\CRYPT32.dll
0x000007fefcd50000 - 0x000007fefcd5f000 	C:\Windows\system32\MSASN1.dll

VM Arguments:
jvm_args: -Dfile.encoding=UTF-8 
java_command: com.archnet.Boot
java_class_path (initial): C:\archnet\frameworks-springboot\target\classes;C:\archnet\frameworks-springboot\apex-jorje-parser-1.0-sfdc-224-SNAPSHOT.jar;C:\archnet\frameworks-springboot\apex-jorje-tools-1.0-sfdc-224-SNAPSHOT.jar;C:\Users\User\.m2\repository\org\springframework\boot\spring-boot-starter-websocket\1.5.7.RELEASE\spring-boot-starter-websocket-1.5.7.RELEASE.jar;C:\Users\User\.m2\repository\org\springframework\boot\spring-boot-starter\1.5.7.RELEASE\spring-boot-starter-1.5.7.RELEASE.jar;C:\Users\User\.m2\repository\org\springframework\boot\spring-boot\1.5.7.RELEASE\spring-boot-1.5.7.RELEASE.jar;C:\Users\User\.m2\repository\org\springframework\boot\spring-boot-autoconfigure\1.5.7.RELEASE\spring-boot-autoconfigure-1.5.7.RELEASE.jar;C:\Users\User\.m2\repository\org\springframework\boot\spring-boot-starter-logging\1.5.7.RELEASE\spring-boot-starter-logging-1.5.7.RELEASE.jar;C:\Users\User\.m2\repository\org\slf4j\jul-to-slf4j\1.7.25\jul-to-slf4j-1.7.25.jar;C:\Users\User\.m2\repository\org\springframework\spring-core\4.3.11.RELEASE\spring-core-4.3.11.RELEASE.jar;C:\Users\User\.m2\repository\org\yaml\snakeyaml\1.17\snakeyaml-1.17.jar;C:\Users\User\.m2\repository\org\springframework\spring-messaging\4.3.11.RELEASE\spring-messaging-4.3.11.RELEASE.jar;C:\Users\User\.m2\repository\org\springframework\spring-beans\4.3.11.RELEASE\spring-beans-4.3.11.RELEASE.jar;C:\Users\User\.m2\repository\org\springframework\spring-context\4.3.11.RELEASE\spring-context-4.3.11.RELEASE.jar;C:\Users\User\.m2\repository\org\springframework\spring-websocket\4.3.11.RELEASE\spring-websocket-4.3.11.RELEASE.jar;C:\Users\User\.m2\repository\org\springframework\boot\spring-boot-starter-web\1.5.7.RELEASE\spring-boot-starter-web-1.5.7.RELEASE.jar;C:\Users\User\.m2\repository\org\springframework\boot\spring-boot-starter-tomcat\1.5.7.RELEASE\spring-boot-starter-tomcat-1.5.7.RELEASE.jar;C:\Users\User\.m2\repository\org\apache\tomcat\embed\tomcat-embed-core\8.5.20\tomcat-embed-core-8.5.20.jar;C:\Users\
Launcher Type: SUN_STANDARD

Environment Variables:
PATH=C:/Program Files/Java/jre1.8.0_144/bin/server;C:/Program Files/Java/jre1.8.0_144/bin;C:/Program Files/Java/jre1.8.0_144/lib/amd64;C:\ProgramData\Oracle\Java\javapath;C:\Windows\system32;C:\Windows;C:\Windows\System32\Wbem;C:\Windows\System32\WindowsPowerShell\v1.0\;C:\Program Files (x86)\Skype\Phone\;C:\Program Files\Git\cmd;C:\Java\jdk-9\bin;C:\Program Files\nodejs\;C:\Program Files\PuTTY\;C:\Users\User\AppData\Roaming\npm;C:\Program Files\Heroku\bin;C:\Users\User\AppData\Roaming\Dashlane\5.8.0.17084\bin\Firefox_Extension\{442718d9-475e-452a-b3e1-fb1ee16b8e9f}\components;C:\Users\User\AppData\Roaming\Dashlane\5.8.0.17084\ucrt;C:\eclipse-jee-mars\eclipse;
USERNAME=User
OS=Windows_NT
PROCESSOR_IDENTIFIER=Intel64 Family 6 Model 69 Stepping 1, GenuineIntel



---------------  S Y S T E M  ---------------

OS: Windows 7 , 64 bit Build 7601 (6.1.7601.17514)

CPU:total 4 (initial active 4) (2 cores per cpu, 2 threads per core) family 6 model 69 stepping 1, cmov, cx8, fxsr, mmx, sse, sse2, sse3, ssse3, sse4.1, sse4.2, popcnt, avx, avx2, aes, clmul, erms, lzcnt, ht, tsc, tscinvbit, bmi1, bmi2

Memory: 4k page, physical 8307056k(1447216k free), swap 16612268k(8166036k free)

vm_info: Java HotSpot(TM) 64-Bit Server VM (25.144-b01) for windows-amd64 JRE (1.8.0_144-b01), built on Jul 21 2017 21:57:33 by "java_re" with MS VC++ 10.0 (VS2010)

time: Wed Apr 04 22:59:24 2018
elapsed time: 162522 seconds (1d 21h 8m 42s)

